<?xml version="1.0" encoding="UTF-8"?>
<!-- Generated by org.testng.reporters.JUnitReportReporter -->
<testsuite skipped="0" hostname="ravi-PC" name="com.beyondhr.tests.LoginTest" tests="1" failures="0" timestamp="06 Apr 2020 11:38:49 GMT" time="16.340" errors="0">
  <testcase name="loginToBeyondHrValidCredentials" time="16.340" classname="com.beyondhr.tests.LoginTest"/>
</testsuite> <!-- com.beyondhr.tests.LoginTest -->
